-- The C compiler identification is GNU 13.1.0
-- The CXX compiler identification is GNU 13.1.0
-- Detecting C compiler ABI info
-- Detecting C compiler ABI info - done
-- Check for working C compiler: /usr/bin/cc - skipped
-- Detecting C compile features
-- Detecting C compile features - done
-- Detecting CXX compiler ABI info
-- Detecting CXX compiler ABI info - done
-- Check for working CXX compiler: /usr/bin/c++ - skipped
-- Detecting CXX compile features
-- Detecting CXX compile features - done
CMake Warning at /usr/share/cmake-3.22/Modules/FindBoost.cmake:1369 (message):
  New Boost version may have incorrect or missing dependencies and imported
  targets
Call Stack (most recent call first):
  /usr/share/cmake-3.22/Modules/FindBoost.cmake:1492 (_Boost_COMPONENT_DEPENDENCIES)
  /usr/share/cmake-3.22/Modules/FindBoost.cmake:2102 (_Boost_MISSING_DEPENDENCIES)
  CMakeLists.txt:16 (find_package)


CMake Warning at /usr/share/cmake-3.22/Modules/FindBoost.cmake:1369 (message):
  New Boost version may have incorrect or missing dependencies and imported
  targets
Call Stack (most recent call first):
  /usr/share/cmake-3.22/Modules/FindBoost.cmake:1492 (_Boost_COMPONENT_DEPENDENCIES)
  /usr/share/cmake-3.22/Modules/FindBoost.cmake:2102 (_Boost_MISSING_DEPENDENCIES)
  CMakeLists.txt:16 (find_package)


CMake Error at /usr/share/cmake-3.22/Modules/FindPackageHandleStandardArgs.cmake:230 (message):
  Could NOT find Boost (missing: filesystem system) (found suitable version
  "1.82.0", minimum required is "1.81")
Call Stack (most recent call first):
  /usr/share/cmake-3.22/Modules/FindPackageHandleStandardArgs.cmake:594 (_FPHSA_FAILURE_MESSAGE)
  /usr/share/cmake-3.22/Modules/FindBoost.cmake:2360 (find_package_handle_standard_args)
  CMakeLists.txt:16 (find_package)


-- Configuring incomplete, errors occurred!
See also "/tmp/tmp_ubeldee/student/build/CMakeFiles/CMakeOutput.log".
