==410== Memcheck, a memory error detector
==410== Copyright (C) 2002-2017, and GNU GPL'd, by Julian Seward et al.
==410== Using Valgrind-3.18.1 and LibVEX; rerun with -h for copyright info
==410== Command: /tmp/tmpuqn3v2gn/student/build//bin/unit_tests
==410== 
==410==ASan runtime does not come first in initial library list; you should either link runtime to your application or manually preload it with LD_PRELOAD.
==410== 
==410== Process terminating with default action of signal 11 (SIGSEGV)
==410==  General Protection Fault
==410==    at 0x592FEC2: __pthread_once_slow (pthread_once.c:114)
==410==    by 0x59FE8C2: __rpc_thread_variables (rpc_thread.c:59)
==410==    by 0x5A51C0C: free_mem (in /usr/lib/x86_64-linux-gnu/libc.so.6)
==410==    by 0x5A51741: __libc_freeres (in /usr/lib/x86_64-linux-gnu/libc.so.6)
==410==    by 0x483F1B2: _vgnU_freeres (in /usr/libexec/valgrind/vgpreload_core-amd64-linux.so)
==410==    by 0x4A7B2BF: ???
==410==    by 0x497787B: __sanitizer::Die() (sanitizer_termination.cpp:59)
==410==    by 0x494599D: __asan::AsanCheckDynamicRTPrereqs() (asan_linux.cpp:176)
==410==    by 0x4953B68: __asan::AsanInitInternal() [clone .part.0] (asan_rtl.cpp:407)
==410==    by 0x40065BD: _dl_init (dl-init.c:102)
==410==    by 0x40202C9: ??? (in /usr/lib/x86_64-linux-gnu/ld-linux-x86-64.so.2)
==410== 
==410== HEAP SUMMARY:
==410==     in use at exit: 0 bytes in 0 blocks
==410==   total heap usage: 0 allocs, 0 frees, 0 bytes allocated
==410== 
==410== All heap blocks were freed -- no leaks are possible
==410== 
==410== For lists of detected and suppressed errors, rerun with: -s
==410== ERROR SUMMARY: 0 errors from 0 contexts (suppressed: 0 from 0)
